0 info it worked if it ends with ok
1 verbose cli [ 'C:\\Program Files\\nodejs\\node.exe',
1 verbose cli   'C:\\Users\\srubin\\AppData\\Roaming\\npm\\node_modules\\npm\\bin\\npm-cli.js',
1 verbose cli   'run',
1 verbose cli   'docs' ]
2 info using npm@3.10.6
3 info using node@v4.5.0
4 verbose run-script [ 'predocs', 'docs', 'postdocs' ]
5 info lifecycle dhsniem@0.0.0~predocs: dhsniem@0.0.0
6 silly lifecycle dhsniem@0.0.0~predocs: no script for predocs, continuing
7 info lifecycle dhsniem@0.0.0~docs: dhsniem@0.0.0
8 verbose lifecycle dhsniem@0.0.0~docs: unsafe-perm in lifecycle true
9 verbose lifecycle dhsniem@0.0.0~docs: PATH: C:\Users\srubin\AppData\Roaming\npm\node_modules\npm\bin\node-gyp-bin;c:\GitHub\dhsniem\node_modules\.bin;C:\WINDOWS\system32;C:\WINDOWS;C:\WINDOWS\System32\Wbem;C:\ProgramData\Oracle\Java\javapath;C:\Program Files (x86)\Intel\iCLS Client\;C:\Program Files\Intel\iCLS Client\;C:\WINDOWS\system32;C:\WINDOWS;C:\WINDOWS\System32\Wbem;C:\WINDOWS\System32\WindowsPowerShell\v1.0\;C:\Program Files (x86)\Common Files\Roxio Shared\10.0\DLLShared\;C:\Program Files (x86)\Common Files\Roxio Shared\DLLShared\;C:\Program Files (x86)\Common Files\Roxio Shared\DLLShared\;C:\Program Files (x86)\Common Files\Roxio Shared\10.0\DLLShared\;C:\Program Files\Intel\Intel(R) Management Engine Components\DAL;C:\Program Files\Intel\Intel(R) Management Engine Components\IPT;C:\Program Files (x86)\Intel\Intel(R) Management Engine Components\DAL;C:\Program Files (x86)\Intel\Intel(R) Management Engine Components\IPT;C:\Program Files\Java\jdk1.8.0_20\bin;C:\ggts-bundle\grails-2.4.4\bin;C:\Program Files\TortoiseSVN\bin;C:\Program Files (x86)\Java\jre1.8.0_91\bin;C:\Program Files\Git\cmd;C:\Program Files\nodejs\;C:\HashiCorp\Vagrant\bin;C:\Ruby200-x64\bin;C:\Users\srubin\AppData\Roaming\npm
10 verbose lifecycle dhsniem@0.0.0~docs: CWD: c:\GitHub\dhsniem
11 silly lifecycle dhsniem@0.0.0~docs: Args: [ '/d /s /c', 'grunt jsdoc' ]
12 silly lifecycle dhsniem@0.0.0~docs: Returned: code: 3  signal: null
13 info lifecycle dhsniem@0.0.0~docs: Failed to exec docs script
14 verbose stack Error: dhsniem@0.0.0 docs: `grunt jsdoc`
14 verbose stack Exit status 3
14 verbose stack     at EventEmitter.<anonymous> (C:\Users\srubin\AppData\Roaming\npm\node_modules\npm\lib\utils\lifecycle.js:255:16)
14 verbose stack     at emitTwo (events.js:87:13)
14 verbose stack     at EventEmitter.emit (events.js:172:7)
14 verbose stack     at ChildProcess.<anonymous> (C:\Users\srubin\AppData\Roaming\npm\node_modules\npm\lib\utils\spawn.js:40:14)
14 verbose stack     at emitTwo (events.js:87:13)
14 verbose stack     at ChildProcess.emit (events.js:172:7)
14 verbose stack     at maybeClose (internal/child_process.js:829:16)
14 verbose stack     at Process.ChildProcess._handle.onexit (internal/child_process.js:211:5)
15 verbose pkgid dhsniem@0.0.0
16 verbose cwd c:\GitHub\dhsniem
17 error Windows_NT 6.3.9600
18 error argv "C:\\Program Files\\nodejs\\node.exe" "C:\\Users\\srubin\\AppData\\Roaming\\npm\\node_modules\\npm\\bin\\npm-cli.js" "run" "docs"
19 error node v4.5.0
20 error npm  v3.10.6
21 error code ELIFECYCLE
22 error dhsniem@0.0.0 docs: `grunt jsdoc`
22 error Exit status 3
23 error Failed at the dhsniem@0.0.0 docs script 'grunt jsdoc'.
23 error Make sure you have the latest version of node.js and npm installed.
23 error If you do, this is most likely a problem with the dhsniem package,
23 error not with npm itself.
23 error Tell the author that this fails on your system:
23 error     grunt jsdoc
23 error You can get information on how to open an issue for this project with:
23 error     npm bugs dhsniem
23 error Or if that isn't available, you can get their info via:
23 error     npm owner ls dhsniem
23 error There is likely additional logging output above.
24 verbose exit [ 1, true ]
